This file contains any messages produced by compilers while
running configure, to aid debugging if configure makes a mistake.

It was created by opus configure unknown, which was
generated by GNU Autoconf 2.71.  Invocation command line was

  $ ./configure

## --------- ##
## Platform. ##
## --------- ##

hostname = Yousefs-Air
uname -m = arm64
uname -r = 21.2.0
uname -s = Darwin
uname -v = Darwin Kernel Version 21.2.0: Sun Nov 28 20:29:10 PST 2021; root:xnu-8019.61.5~1/RELEASE_ARM64_T8101

/usr/bin/uname -p = arm
/bin/uname -X     = unknown

/bin/arch              = unknown
/usr/bin/arch -k       = unknown
/usr/convex/getsysinfo = unknown
/usr/bin/hostinfo      = Mach kernel version:
	 Darwin Kernel Version 21.2.0: Sun Nov 28 20:29:10 PST 2021; root:xnu-8019.61.5~1/RELEASE_ARM64_T8101
Kernel configured for up to 8 processors.
8 processors are physically available.
8 processors are logically available.
Processor type: arm64e (ARM64E)
Processors active: 0 1 2 3 4 5 6 7
Primary memory available: 8.00 gigabytes
Default processor set: 386 tasks, 2576 threads, 8 processors
Load average: 2.87, Mach factor: 5.12
/bin/machine           = unknown
/usr/bin/oslevel       = unknown
/bin/universe          = unknown

PATH: /opt/local/bin/
PATH: /opt/local/sbin/
PATH: /opt/homebrew/bin/
PATH: /usr/local/bin/
PATH: /usr/bin/
PATH: /bin/
PATH: /usr/sbin/
PATH: /sbin/
PATH: /Users/yousef/Development/flutter/bin/
PATH: /Library/Apple/usr/bin/


## ----------- ##
## Core tests. ##
## ----------- ##

configure:2531: looking for aux files: compile ltmain.sh config.guess config.sub missing install-sh
configure:2544:  trying ./
configure:2573:   ./compile found
configure:2573:   ./ltmain.sh found
configure:2573:   ./config.guess found
configure:2573:   ./config.sub found
configure:2573:   ./missing found
configure:2555:   ./install-sh found
configure:2700: checking whether make supports nested variables
configure:2718: result: yes
configure:2757: checking for a BSD-compatible install
configure:2830: result: /opt/local/bin/ginstall -c
configure:2841: checking whether build environment is sane
configure:2896: result: yes
configure:3055: checking for a race-free mkdir -p
configure:3099: result: /opt/local/bin/gmkdir -p
configure:3106: checking for gawk
configure:3127: found /opt/local/bin/gawk
configure:3138: result: gawk
configure:3149: checking whether make sets $(MAKE)
configure:3172: result: yes
configure:3311: checking whether to enable maintainer-specific portions of Makefiles
configure:3321: result: yes
configure:3341: checking build system type
configure:3356: result: aarch64-apple-darwin21.2.0
configure:3376: checking host system type
configure:3390: result: aarch64-apple-darwin21.2.0
configure:3463: checking how to print strings
configure:3490: result: printf
configure:3524: checking whether make supports the include directive
configure:3539: make -f confmf.GNU && cat confinc.out
this is the am__doit target
configure:3542: $? = 0
configure:3561: result: yes (GNU style)
configure:3637: checking for gcc
configure:3658: found /usr/bin/gcc
configure:3669: result: gcc
configure:4022: checking for C compiler version
configure:4031: gcc --version >&5
Apple clang version 13.0.0 (clang-1300.0.29.30)
Target: arm64-apple-darwin21.2.0
Thread model: posix
InstalledDir: /Applications/Xcode.app/Contents/Developer/Toolchains/XcodeDefault.xctoolchain/usr/bin
Configured with: --prefix=/Applications/Xcode.app/Contents/Developer/usr --with-gxx-include-dir=/Applications/Xcode.app/Contents/Developer/Platforms/MacOSX.platform/Developer/SDKs/MacOSX.sdk/usr/include/c++/4.2.1
configure:4042: $? = 0
configure:4031: gcc -v >&5
Configured with: --prefix=/Applications/Xcode.app/Contents/Developer/usr --with-gxx-include-dir=/Applications/Xcode.app/Contents/Developer/Platforms/MacOSX.platform/Developer/SDKs/MacOSX.sdk/usr/include/c++/4.2.1
Apple clang version 13.0.0 (clang-1300.0.29.30)
Target: arm64-apple-darwin21.2.0
Thread model: posix
InstalledDir: /Applications/Xcode.app/Contents/Developer/Toolchains/XcodeDefault.xctoolchain/usr/bin
configure:4042: $? = 0
configure:4031: gcc -V >&5
clang: error: argument to '-V' is missing (expected 1 value)
clang: error: no input files
configure:4042: $? = 1
configure:4031: gcc -qversion >&5
clang: error: unknown argument '-qversion'; did you mean '--version'?
clang: error: no input files
configure:4042: $? = 1
configure:4031: gcc -version >&5
clang: error: unknown argument '-version'; did you mean '--version'?
clang: error: no input files
configure:4042: $? = 1
configure:4062: checking whether the C compiler works
configure:4084: gcc    conftest.c  >&5
configure:4088: $? = 0
configure:4138: result: yes
configure:4141: checking for C compiler default output file name
configure:4143: result: a.out
configure:4149: checking for suffix of executables
configure:4156: gcc -o conftest    conftest.c  >&5
configure:4160: $? = 0
configure:4183: result: 
configure:4205: checking whether we are cross compiling
configure:4213: gcc -o conftest    conftest.c  >&5
configure:4217: $? = 0
configure:4224: ./conftest
configure:4228: $? = 0
configure:4243: result: no
configure:4248: checking for suffix of object files
configure:4271: gcc -c   conftest.c >&5
configure:4275: $? = 0
configure:4297: result: o
configure:4301: checking whether the compiler supports GNU C
configure:4321: gcc -c   conftest.c >&5
configure:4321: $? = 0
configure:4331: result: yes
configure:4342: checking whether gcc accepts -g
configure:4363: gcc -c -g  conftest.c >&5
configure:4363: $? = 0
configure:4407: result: yes
configure:4427: checking for gcc option to enable C11 features
configure:4442: gcc  -c -g -O2  conftest.c >&5
configure:4442: $? = 0
configure:4460: result: none needed
configure:4576: checking whether gcc understands -c and -o together
configure:4599: gcc -c conftest.c -o conftest2.o
configure:4602: $? = 0
configure:4599: gcc -c conftest.c -o conftest2.o
configure:4602: $? = 0
configure:4614: result: yes
configure:4633: checking dependency style of gcc
configure:4745: result: gcc3
configure:4760: checking for a sed that does not truncate output
configure:4830: result: /opt/local/bin/gsed
configure:4848: checking for grep that handles long lines and -e
configure:4912: result: /opt/local/bin/ggrep
configure:4917: checking for egrep
configure:4985: result: /opt/local/bin/ggrep -E
configure:4990: checking for fgrep
configure:5058: result: /opt/local/bin/ggrep -F
configure:5094: checking for ld used by gcc
configure:5162: result: /Applications/Xcode.app/Contents/Developer/Toolchains/XcodeDefault.xctoolchain/usr/bin/ld
configure:5169: checking if the linker (/Applications/Xcode.app/Contents/Developer/Toolchains/XcodeDefault.xctoolchain/usr/bin/ld) is GNU ld
configure:5185: result: no
configure:5197: checking for BSD- or MS-compatible name lister (nm)
configure:5252: result: /usr/bin/nm -B
configure:5392: checking the name lister (/usr/bin/nm -B) interface
configure:5400: gcc -c -g -O2  conftest.c >&5
configure:5403: /usr/bin/nm -B "conftest.o"
configure:5406: output
0000000000000250 S _some_variable
0000000000000000 t ltmp0
0000000000000250 s ltmp1
configure:5413: result: BSD nm
configure:5416: checking whether ln -s works
configure:5420: result: yes
configure:5428: checking the maximum length of command line arguments
configure:5560: result: 786432
configure:5608: checking how to convert aarch64-apple-darwin21.2.0 file names to aarch64-apple-darwin21.2.0 format
configure:5649: result: func_convert_file_noop
configure:5656: checking how to convert aarch64-apple-darwin21.2.0 file names to toolchain format
configure:5677: result: func_convert_file_noop
configure:5684: checking for /Applications/Xcode.app/Contents/Developer/Toolchains/XcodeDefault.xctoolchain/usr/bin/ld option to reload object files
configure:5692: result: -r
configure:5771: checking for objdump
configure:5792: found /usr/bin/objdump
configure:5803: result: objdump
configure:5835: checking how to recognize dependent libraries
configure:6036: result: pass_all
configure:6126: checking for dlltool
configure:6161: result: no
configure:6191: checking how to associate runtime and link libraries
configure:6219: result: printf %s\n
configure:6285: checking for ar
configure:6306: found /usr/bin/ar
configure:6317: result: ar
configure:6354: checking for archiver @FILE support
configure:6372: gcc -c -g -O2  conftest.c >&5
configure:6372: $? = 0
configure:6376: ar cru libconftest.a @conftest.lst >&5
ar: @conftest.lst: No such file or directory
configure:6379: $? = 1
configure:6399: result: no
configure:6462: checking for strip
configure:6483: found /usr/bin/strip
configure:6494: result: strip
configure:6571: checking for ranlib
configure:6592: found /usr/bin/ranlib
configure:6603: result: ranlib
configure:6705: checking command to parse /usr/bin/nm -B output from gcc object
configure:6859: gcc -c -g -O2  conftest.c >&5
configure:6862: $? = 0
configure:6866: /usr/bin/nm -B conftest.o \| sed -n -e 's/^.*[ ]\([BCDEGRST][BCDEGRST]*\)[ ][ ]*\([_A-Za-z][_A-Za-z0-9]*\)$/\1 \2 \2/p' | sed '/ __gnu_lto/d' \> conftest.nm
configure:6869: $? = 0
cannot find nm_test_var in conftest.nm
configure:6859: gcc -c -g -O2  conftest.c >&5
configure:6862: $? = 0
configure:6866: /usr/bin/nm -B conftest.o \| sed -n -e 's/^.*[ ]\([BCDEGRST][BCDEGRST]*\)[ ][ ]*_\([_A-Za-z][_A-Za-z0-9]*\)$/\1 _\2 \2/p' | sed '/ __gnu_lto/d' \> conftest.nm
configure:6869: $? = 0
configure:6935: gcc -o conftest -g -O2   conftest.c conftstm.o >&5
warning: (arm64)  could not find object file symbol for symbol _main
configure:6938: $? = 0
configure:6976: result: ok
configure:7023: checking for sysroot
configure:7054: result: no
configure:7061: checking for a working dd
configure:7105: result: /bin/dd
configure:7109: checking how to truncate binary pipes
configure:7125: result: /bin/dd bs=4096 count=1
configure:7462: checking for mt
configure:7497: result: no
configure:7517: checking if : is a manifest tool
configure:7524: : '-?'
configure:7532: result: no
configure:7593: checking for dsymutil
configure:7614: found /usr/bin/dsymutil
configure:7625: result: dsymutil
configure:7695: checking for nmedit
configure:7716: found /usr/bin/nmedit
configure:7727: result: nmedit
configure:7797: checking for lipo
configure:7818: found /usr/bin/lipo
configure:7829: result: lipo
configure:7899: checking for otool
configure:7920: found /usr/bin/otool
configure:7931: result: otool
configure:8001: checking for otool64
configure:8036: result: no
configure:8081: checking for -single_module linker flag
gcc -g -O2  -o libconftest.dylib -dynamiclib -Wl,-single_module conftest.c
configure:8115: result: yes
configure:8118: checking for -exported_symbols_list linker flag
configure:8139: gcc -o conftest -g -O2   -Wl,-exported_symbols_list,conftest.sym conftest.c  >&5
configure:8139: $? = 0
configure:8150: result: yes
configure:8153: checking for -force_load linker flag
gcc -g -O2 -c -o conftest.o conftest.c
ar cru libconftest.a conftest.o
ranlib libconftest.a
gcc -g -O2  -o conftest conftest.c -Wl,-force_load,./libconftest.a
configure:8186: result: yes
configure:8257: checking for stdio.h
configure:8257: gcc -c -g -O2  conftest.c >&5
configure:8257: $? = 0
configure:8257: result: yes
configure:8257: checking for stdlib.h
configure:8257: gcc -c -g -O2  conftest.c >&5
configure:8257: $? = 0
configure:8257: result: yes
configure:8257: checking for string.h
configure:8257: gcc -c -g -O2  conftest.c >&5
configure:8257: $? = 0
configure:8257: result: yes
configure:8257: checking for inttypes.h
configure:8257: gcc -c -g -O2  conftest.c >&5
configure:8257: $? = 0
configure:8257: result: yes
configure:8257: checking for stdint.h
configure:8257: gcc -c -g -O2  conftest.c >&5
configure:8257: $? = 0
configure:8257: result: yes
configure:8257: checking for strings.h
configure:8257: gcc -c -g -O2  conftest.c >&5
configure:8257: $? = 0
configure:8257: result: yes
configure:8257: checking for sys/stat.h
configure:8257: gcc -c -g -O2  conftest.c >&5
configure:8257: $? = 0
configure:8257: result: yes
configure:8257: checking for sys/types.h
configure:8257: gcc -c -g -O2  conftest.c >&5
configure:8257: $? = 0
configure:8257: result: yes
configure:8257: checking for unistd.h
configure:8257: gcc -c -g -O2  conftest.c >&5
configure:8257: $? = 0
configure:8257: result: yes
configure:8282: checking for dlfcn.h
configure:8282: gcc -c -g -O2  conftest.c >&5
configure:8282: $? = 0
configure:8282: result: yes
configure:8541: checking for objdir
configure:8557: result: .libs
configure:8821: checking if gcc supports -fno-rtti -fno-exceptions
configure:8840: gcc -c -g -O2  -fno-rtti -fno-exceptions conftest.c >&5
configure:8844: $? = 0
configure:8857: result: yes
configure:9215: checking for gcc option to produce PIC
configure:9223: result: -fno-common -DPIC
configure:9231: checking if gcc PIC flag -fno-common -DPIC works
configure:9250: gcc -c -g -O2  -fno-common -DPIC -DPIC conftest.c >&5
configure:9254: $? = 0
configure:9267: result: yes
configure:9296: checking if gcc static flag -static works
configure:9325: result: no
configure:9340: checking if gcc supports -c -o file.o
configure:9362: gcc -c -g -O2  -o out/conftest2.o conftest.c >&5
configure:9366: $? = 0
configure:9388: result: yes
configure:9396: checking if gcc supports -c -o file.o
configure:9444: result: yes
configure:9477: checking whether the gcc linker (/Applications/Xcode.app/Contents/Developer/Toolchains/XcodeDefault.xctoolchain/usr/bin/ld) supports shared libraries
configure:10743: result: yes
configure:10984: checking dynamic linker characteristics
configure:11805: result: darwin21.2.0 dyld
configure:11927: checking how to hardcode library paths into programs
configure:11952: result: immediate
configure:12504: checking whether stripping libraries is possible
configure:12518: result: yes
configure:12544: checking if libtool supports shared libraries
configure:12546: result: yes
configure:12549: checking whether to build shared libraries
configure:12574: result: yes
configure:12577: checking whether to build static libraries
configure:12581: result: yes
configure:12621: checking for an ANSI C-conforming const
configure:12688: gcc -c -g -O2  conftest.c >&5
configure:12688: $? = 0
configure:12696: result: yes
configure:12704: checking for inline
configure:12721: gcc -c -g -O2  conftest.c >&5
configure:12721: $? = 0
configure:12730: result: inline
configure:12758: checking dependency style of gcc
configure:12868: result: gcc3
configure:12892: checking for C/C++ restrict keyword
configure:12918: gcc -c -g -O2  conftest.c >&5
configure:12918: $? = 0
configure:12927: result: __restrict
configure:12940: checking for C99 variable-size arrays
configure:12953: gcc -c -g -O2  conftest.c >&5
configure:12953: $? = 0
configure:12967: result: yes
configure:13315: checking how to run the C preprocessor
configure:13341: gcc -E  conftest.c
configure:13341: $? = 0
configure:13356: gcc -E  conftest.c
conftest.c:24:10: fatal error: 'ac_nonexistent.h' file not found
#include <ac_nonexistent.h>
         ^~~~~~~~~~~~~~~~~~
1 error generated.
configure:13356: $? = 1
configure: failed program was:
| /* confdefs.h */
| #define PACKAGE_NAME "opus"
| #define PACKAGE_TARNAME "opus"
| #define PACKAGE_VERSION "unknown"
| #define PACKAGE_STRING "opus unknown"
| #define PACKAGE_BUGREPORT "opus@xiph.org"
| #define PACKAGE_URL ""
| #define HAVE_STDIO_H 1
| #define HAVE_STDLIB_H 1
| #define HAVE_STRING_H 1
| #define HAVE_INTTYPES_H 1
| #define HAVE_STDINT_H 1
| #define HAVE_STRINGS_H 1
| #define HAVE_SYS_STAT_H 1
| #define HAVE_SYS_TYPES_H 1
| #define HAVE_UNISTD_H 1
| #define STDC_HEADERS 1
| #define HAVE_DLFCN_H 1
| #define LT_OBJDIR ".libs/"
| #define OPUS_BUILD /**/
| #define restrict __restrict
| #define VAR_ARRAYS 1
| /* end confdefs.h.  */
| #include <ac_nonexistent.h>
configure:13383: result: gcc -E
configure:13397: gcc -E  conftest.c
configure:13397: $? = 0
configure:13412: gcc -E  conftest.c
conftest.c:24:10: fatal error: 'ac_nonexistent.h' file not found
#include <ac_nonexistent.h>
         ^~~~~~~~~~~~~~~~~~
1 error generated.
configure:13412: $? = 1
configure: failed program was:
| /* confdefs.h */
| #define PACKAGE_NAME "opus"
| #define PACKAGE_TARNAME "opus"
| #define PACKAGE_VERSION "unknown"
| #define PACKAGE_STRING "opus unknown"
| #define PACKAGE_BUGREPORT "opus@xiph.org"
| #define PACKAGE_URL ""
| #define HAVE_STDIO_H 1
| #define HAVE_STDLIB_H 1
| #define HAVE_STRING_H 1
| #define HAVE_INTTYPES_H 1
| #define HAVE_STDINT_H 1
| #define HAVE_STRINGS_H 1
| #define HAVE_SYS_STAT_H 1
| #define HAVE_SYS_TYPES_H 1
| #define HAVE_UNISTD_H 1
| #define STDC_HEADERS 1
| #define HAVE_DLFCN_H 1
| #define LT_OBJDIR ".libs/"
| #define OPUS_BUILD /**/
| #define restrict __restrict
| #define VAR_ARRAYS 1
| /* end confdefs.h.  */
| #include <ac_nonexistent.h>
configure:14054: checking if compiler supports ARM Neon intrinsics
configure:14073: gcc -o conftest -g -O2   conftest.c  >&5
configure:14073: $? = 0
configure:14078: result: yes
configure:14215: checking for NE10
configure:14237: gcc -o conftest -g -O2    conftest.c   -lNE10  >&5
conftest.c:27:22: fatal error: 'NE10_dsp.h' file not found
            #include <NE10_dsp.h>
                     ^~~~~~~~~~~~
1 error generated.
configure:14237: $? = 1
configure: failed program was:
| /* confdefs.h */
| #define PACKAGE_NAME "opus"
| #define PACKAGE_TARNAME "opus"
| #define PACKAGE_VERSION "unknown"
| #define PACKAGE_STRING "opus unknown"
| #define PACKAGE_BUGREPORT "opus@xiph.org"
| #define PACKAGE_URL ""
| #define HAVE_STDIO_H 1
| #define HAVE_STDLIB_H 1
| #define HAVE_STRING_H 1
| #define HAVE_INTTYPES_H 1
| #define HAVE_STDINT_H 1
| #define HAVE_STRINGS_H 1
| #define HAVE_SYS_STAT_H 1
| #define HAVE_SYS_TYPES_H 1
| #define HAVE_UNISTD_H 1
| #define STDC_HEADERS 1
| #define HAVE_DLFCN_H 1
| #define LT_OBJDIR ".libs/"
| #define OPUS_BUILD /**/
| #define restrict __restrict
| #define VAR_ARRAYS 1
| #define OPUS_ARM_MAY_HAVE_NEON_INTR 1
| #define OPUS_ARM_PRESUME_NEON_INTR 1
| /* end confdefs.h.  */
| 
|             #include <NE10_dsp.h>
| 
| int
| main (void)
| {
| 
|                   ne10_fft_cfg_float32_t cfg;
|                   cfg = ne10_fft_alloc_c2c_float32_neon(480);
| 
| 
|   ;
|   return 0;
| }
| 
configure:14247: result: no
configure:14285: checking if compiler supports Aarch64 Neon intrinsics
configure:14304: gcc -o conftest -g -O2   conftest.c  >&5
configure:14304: $? = 0
configure:14309: result: yes
configure:15118: checking for doxygen
configure:15151: result: no
configure:15161: checking for dot
configure:15194: result: no
configure:15258: checking if gcc supports -fvisibility=hidden
configure:15264: gcc -c -g -O2 -fvisibility=hidden  conftest.c >&5
configure:15264: $? = 0
configure:15266: result: yes
configure:15344: checking whether to add -D_FORTIFY_SOURCE=2 to CFLAGS
configure:15360: gcc -o conftest -g -O2 -fvisibility=hidden   conftest.c  >&5
configure:15360: $? = 0
configure:15363: result: yes
configure:15384: checking if gcc supports -Wall -Wextra -Wcast-align -Wnested-externs -Wshadow -Wstrict-prototypes
configure:15390: gcc -c -g -O2 -fvisibility=hidden -D_FORTIFY_SOURCE=2 -W -Wall -Wextra -Wcast-align -Wnested-externs -Wshadow -Wstrict-prototypes  conftest.c >&5
configure:15390: $? = 0
configure:15392: result: yes
configure:15404: checking for lrintf
configure:15404: gcc -o conftest -g -O2 -fvisibility=hidden -D_FORTIFY_SOURCE=2 -W -Wall -Wextra -Wcast-align -Wnested-externs -Wshadow -Wstrict-prototypes   conftest.c   >&5
conftest.c:44:13: warning: this function declaration is not a prototype [-Wstrict-prototypes]
char lrintf ();
            ^
             void
conftest.c:44:6: warning: incompatible redeclaration of library function 'lrintf' [-Wincompatible-library-redeclaration]
char lrintf ();
     ^
conftest.c:44:6: note: 'lrintf' is a builtin with type 'long (float)'
2 warnings generated.
configure:15404: $? = 0
configure:15404: result: yes
configure:15411: checking for lrint
configure:15411: gcc -o conftest -g -O2 -fvisibility=hidden -D_FORTIFY_SOURCE=2 -W -Wall -Wextra -Wcast-align -Wnested-externs -Wshadow -Wstrict-prototypes   conftest.c   >&5
conftest.c:45:12: warning: this function declaration is not a prototype [-Wstrict-prototypes]
char lrint ();
           ^
            void
conftest.c:45:6: warning: incompatible redeclaration of library function 'lrint' [-Wincompatible-library-redeclaration]
char lrint ();
     ^
conftest.c:45:6: note: 'lrint' is a builtin with type 'long (double)'
2 warnings generated.
configure:15411: $? = 0
configure:15411: result: yes
configure:15420: checking for __malloc_hook
configure:15420: gcc -o conftest -g -O2 -fvisibility=hidden -D_FORTIFY_SOURCE=2 -W -Wall -Wextra -Wcast-align -Wnested-externs -Wshadow -Wstrict-prototypes   conftest.c  >&5
conftest.c:46:20: warning: this function declaration is not a prototype [-Wstrict-prototypes]
char __malloc_hook ();
                   ^
                    void
1 warning generated.
Undefined symbols for architecture arm64:
  "___malloc_hook", referenced from:
      _main in conftest-198396.o
ld: symbol(s) not found for architecture arm64
clang: error: linker command failed with exit code 1 (use -v to see invocation)
configure:15420: $? = 1
configure: failed program was:
| /* confdefs.h */
| #define PACKAGE_NAME "opus"
| #define PACKAGE_TARNAME "opus"
| #define PACKAGE_VERSION "unknown"
| #define PACKAGE_STRING "opus unknown"
| #define PACKAGE_BUGREPORT "opus@xiph.org"
| #define PACKAGE_URL ""
| #define HAVE_STDIO_H 1
| #define HAVE_STDLIB_H 1
| #define HAVE_STRING_H 1
| #define HAVE_INTTYPES_H 1
| #define HAVE_STDINT_H 1
| #define HAVE_STRINGS_H 1
| #define HAVE_SYS_STAT_H 1
| #define HAVE_SYS_TYPES_H 1
| #define HAVE_UNISTD_H 1
| #define STDC_HEADERS 1
| #define HAVE_DLFCN_H 1
| #define LT_OBJDIR ".libs/"
| #define OPUS_BUILD /**/
| #define restrict __restrict
| #define VAR_ARRAYS 1
| #define OPUS_ARM_MAY_HAVE_NEON_INTR 1
| #define OPUS_ARM_PRESUME_NEON_INTR 1
| #define OPUS_ARM_PRESUME_AARCH64_NEON_INTR 1
| #define ENABLE_HARDENING 1
| #define HAVE_LRINTF 1
| #define HAVE_LRINT 1
| /* end confdefs.h.  */
| /* Define __malloc_hook to an innocuous variant, in case <limits.h> declares __malloc_hook.
|    For example, HP-UX 11i <limits.h> declares gettimeofday.  */
| #define __malloc_hook innocuous___malloc_hook
| 
| /* System header to define __stub macros and hopefully few prototypes,
|    which can conflict with char __malloc_hook (); below.  */
| 
| #include <limits.h>
| #undef __malloc_hook
| 
| /* Override any GCC internal prototype to avoid an error.
|    Use char because int might match the return type of a GCC
|    builtin and then its argument prototype would still apply.  */
| #ifdef __cplusplus
| extern "C"
| #endif
| char __malloc_hook ();
| /* The GNU C library defines this for functions which it implements
|     to always fail with ENOSYS.  Some functions are actually named
|     something starting with __ and the normal name is an alias.  */
| #if defined __stub___malloc_hook || defined __stub_____malloc_hook
| choke me
| #endif
| 
| int
| main (void)
| {
| return __malloc_hook ();
|   ;
|   return 0;
| }
configure:15420: result: no
configure:15544: checking that generated files are newer than configure
configure:15550: result: done
configure:15661: creating ./config.status

## ---------------------- ##
## Running config.status. ##
## ---------------------- ##

This file was extended by opus config.status unknown, which was
generated by GNU Autoconf 2.71.  Invocation command line was

  CONFIG_FILES    = 
  CONFIG_HEADERS  = 
  CONFIG_LINKS    = 
  CONFIG_COMMANDS = 
  $ ./config.status 

on Yousefs-Air

config.status:1151: creating Makefile
config.status:1151: creating opus.pc
config.status:1151: creating opus-uninstalled.pc
config.status:1151: creating celt/arm/armopts.s
config.status:1151: creating doc/Makefile
config.status:1151: creating doc/Doxyfile
config.status:1151: creating config.h
config.status:1332: config.h is unchanged
config.status:1380: executing depfiles commands
config.status:1457: cd .       && sed -e '/# am--include-marker/d' Makefile         | make -f - am--depfiles
make: Nothing to be done for `am--depfiles'.
config.status:1462: $? = 0
config.status:1380: executing libtool commands
configure:17809:
------------------------------------------------------------------------
  opus unknown:  Automatic configuration OK.

    Compiler support:

      C99 var arrays: ................ yes
      C99 lrintf: .................... yes
      Use alloca: .................... no (using var arrays)

    General configuration:

      Floating point support: ........ yes
      Fast float approximations: ..... no
      Fixed point debugging: ......... no
      Inline Assembly Optimizations: . No inline ASM for your platform, please send patches
      External Assembly Optimizations: 
      Intrinsics Optimizations: ...... ARM (NEON) (NEON Aarch64)
      Run-time CPU detection: ........ no
      Custom modes: .................. no
      Assertion checking: ............ no
      Hardening: ..................... yes
      Fuzzing: ....................... no
      Check ASM: ..................... no

      API documentation: ............. yes
      Extra programs: ................ yes
------------------------------------------------------------------------

 Type "make; make install" to compile and install
 Type "make check" to run the test suite


## ---------------- ##
## Cache variables. ##
## ---------------- ##

ac_cv_build=aarch64-apple-darwin21.2.0
ac_cv_c_compiler_gnu=yes
ac_cv_c_const=yes
ac_cv_c_inline=inline
ac_cv_c_restrict=__restrict
ac_cv_env_ARM_NEON_INTR_CFLAGS_set=
ac_cv_env_ARM_NEON_INTR_CFLAGS_value=
ac_cv_env_CCASFLAGS_set=
ac_cv_env_CCASFLAGS_value=
ac_cv_env_CCAS_set=
ac_cv_env_CCAS_value=
ac_cv_env_CC_set=
ac_cv_env_CC_value=
ac_cv_env_CFLAGS_set=
ac_cv_env_CFLAGS_value=
ac_cv_env_CPPFLAGS_set=
ac_cv_env_CPPFLAGS_value=
ac_cv_env_CPP_set=
ac_cv_env_CPP_value=
ac_cv_env_LDFLAGS_set=
ac_cv_env_LDFLAGS_value=
ac_cv_env_LIBS_set=
ac_cv_env_LIBS_value=
ac_cv_env_LT_SYS_LIBRARY_PATH_set=
ac_cv_env_LT_SYS_LIBRARY_PATH_value=
ac_cv_env_X86_AVX_CFLAGS_set=
ac_cv_env_X86_AVX_CFLAGS_value=
ac_cv_env_X86_SSE2_CFLAGS_set=
ac_cv_env_X86_SSE2_CFLAGS_value=
ac_cv_env_X86_SSE4_1_CFLAGS_set=
ac_cv_env_X86_SSE4_1_CFLAGS_value=
ac_cv_env_X86_SSE_CFLAGS_set=
ac_cv_env_X86_SSE_CFLAGS_value=
ac_cv_env_build_alias_set=
ac_cv_env_build_alias_value=
ac_cv_env_host_alias_set=
ac_cv_env_host_alias_value=
ac_cv_env_target_alias_set=
ac_cv_env_target_alias_value=
ac_cv_func___malloc_hook=no
ac_cv_func_lrint=yes
ac_cv_func_lrintf=yes
ac_cv_header_dlfcn_h=yes
ac_cv_header_inttypes_h=yes
ac_cv_header_stdint_h=yes
ac_cv_header_stdio_h=yes
ac_cv_header_stdlib_h=yes
ac_cv_header_string_h=yes
ac_cv_header_strings_h=yes
ac_cv_header_sys_stat_h=yes
ac_cv_header_sys_types_h=yes
ac_cv_header_unistd_h=yes
ac_cv_host=aarch64-apple-darwin21.2.0
ac_cv_objext=o
ac_cv_path_EGREP='/opt/local/bin/ggrep -E'
ac_cv_path_FGREP='/opt/local/bin/ggrep -F'
ac_cv_path_GREP=/opt/local/bin/ggrep
ac_cv_path_SED=/opt/local/bin/gsed
ac_cv_path_install='/opt/local/bin/ginstall -c'
ac_cv_path_lt_DD=/bin/dd
ac_cv_path_mkdir=/opt/local/bin/gmkdir
ac_cv_prog_AWK=gawk
ac_cv_prog_CPP='gcc -E'
ac_cv_prog_HAVE_DOT=no
ac_cv_prog_HAVE_DOXYGEN=no
ac_cv_prog_ac_ct_AR=ar
ac_cv_prog_ac_ct_CC=gcc
ac_cv_prog_ac_ct_DSYMUTIL=dsymutil
ac_cv_prog_ac_ct_LIPO=lipo
ac_cv_prog_ac_ct_NMEDIT=nmedit
ac_cv_prog_ac_ct_OBJDUMP=objdump
ac_cv_prog_ac_ct_OTOOL=otool
ac_cv_prog_ac_ct_RANLIB=ranlib
ac_cv_prog_ac_ct_STRIP=strip
ac_cv_prog_cc_c11=
ac_cv_prog_cc_g=yes
ac_cv_prog_cc_stdc=
ac_cv_prog_make_make_set=yes
am_cv_CCAS_dependencies_compiler_type=gcc3
am_cv_CC_dependencies_compiler_type=gcc3
am_cv_make_support_nested_variables=yes
am_cv_prog_cc_c_o=yes
lt_cv_apple_cc_single_mod=yes
lt_cv_ar_at_file=no
lt_cv_deplibs_check_method=pass_all
lt_cv_file_magic_cmd='$MAGIC_CMD'
lt_cv_file_magic_test_file=
lt_cv_ld_exported_symbols_list=yes
lt_cv_ld_force_load=yes
lt_cv_ld_reload_flag=-r
lt_cv_nm_interface='BSD nm'
lt_cv_objdir=.libs
lt_cv_path_LD=/Applications/Xcode.app/Contents/Developer/Toolchains/XcodeDefault.xctoolchain/usr/bin/ld
lt_cv_path_NM='/usr/bin/nm -B'
lt_cv_path_mainfest_tool=no
lt_cv_prog_compiler_c_o=yes
lt_cv_prog_compiler_pic='-fno-common -DPIC'
lt_cv_prog_compiler_pic_works=yes
lt_cv_prog_compiler_rtti_exceptions=yes
lt_cv_prog_compiler_static_works=no
lt_cv_prog_gnu_ld=no
lt_cv_sharedlib_from_linklib_cmd='printf %s\n'
lt_cv_sys_global_symbol_pipe='sed -n -e '\''s/^.*[	 ]\([BCDEGRST][BCDEGRST]*\)[	 ][	 ]*_\([_A-Za-z][_A-Za-z0-9]*\)$/\1 _\2 \2/p'\'' | sed '\''/ __gnu_lto/d'\'''
lt_cv_sys_global_symbol_to_c_name_address='sed -n -e '\''s/^: \(.*\) .*$/  {"\1", (void *) 0},/p'\'' -e '\''s/^[BCDEGRST][BCDEGRST]* .* \(.*\)$/  {"\1", (void *) \&\1},/p'\'''
lt_cv_sys_global_symbol_to_c_name_address_lib_prefix='sed -n -e '\''s/^: \(.*\) .*$/  {"\1", (void *) 0},/p'\'' -e '\''s/^[BCDEGRST][BCDEGRST]* .* \(lib.*\)$/  {"\1", (void *) \&\1},/p'\'' -e '\''s/^[BCDEGRST][BCDEGRST]* .* \(.*\)$/  {"lib\1", (void *) \&\1},/p'\'''
lt_cv_sys_global_symbol_to_cdecl='sed -n -e '\''s/^T .* \(.*\)$/extern int \1();/p'\'' -e '\''s/^[BCDEGRST][BCDEGRST]* .* \(.*\)$/extern char \1;/p'\'''
lt_cv_sys_global_symbol_to_import=
lt_cv_sys_max_cmd_len=786432
lt_cv_to_host_file_cmd=func_convert_file_noop
lt_cv_to_tool_file_cmd=func_convert_file_noop
lt_cv_truncate_bin='/bin/dd bs=4096 count=1'

## ----------------- ##
## Output variables. ##
## ----------------- ##

ACLOCAL='${SHELL} '\''/Users/yousef/Projects/CELP/opus-master/missing'\'' aclocal-1.16'
AMDEPBACKSLASH='\'
AMDEP_FALSE='#'
AMDEP_TRUE=''
AMTAR='$${TAR-tar}'
AM_BACKSLASH='\'
AM_DEFAULT_V='$(AM_DEFAULT_VERBOSITY)'
AM_DEFAULT_VERBOSITY='0'
AM_V='$(V)'
AR='ar'
ARM2GNU_PARAMS=''
ARM_NEON_INTR_CFLAGS='-mfpu=neon'
AUTOCONF='${SHELL} '\''/Users/yousef/Projects/CELP/opus-master/missing'\'' autoconf'
AUTOHEADER='${SHELL} '\''/Users/yousef/Projects/CELP/opus-master/missing'\'' autoheader'
AUTOMAKE='${SHELL} '\''/Users/yousef/Projects/CELP/opus-master/missing'\'' automake-1.16'
AWK='gawk'
CC='gcc'
CCAS='gcc'
CCASDEPMODE='depmode=gcc3'
CCASFLAGS='-g -O2'
CCDEPMODE='depmode=gcc3'
CFLAGS='-g -O2 -fvisibility=hidden -D_FORTIFY_SOURCE=2 -W -Wall -Wextra -Wcast-align -Wnested-externs -Wshadow -Wstrict-prototypes'
CPP='gcc -E'
CPPFLAGS=''
CPU_ARM_FALSE='#'
CPU_ARM_TRUE=''
CSCOPE='cscope'
CTAGS='ctags'
CUSTOM_MODES_FALSE=''
CUSTOM_MODES_TRUE='#'
CYGPATH_W='echo'
DEFS='-DHAVE_CONFIG_H'
DEPDIR='.deps'
DISABLE_FLOAT_API_FALSE=''
DISABLE_FLOAT_API_TRUE='#'
DLLTOOL='false'
DSYMUTIL='dsymutil'
DUMPBIN=''
ECHO_C='\c'
ECHO_N=''
ECHO_T=''
EGREP='/opt/local/bin/ggrep -E'
ETAGS='etags'
EXEEXT=''
EXTRA_PROGRAMS_FALSE='#'
EXTRA_PROGRAMS_TRUE=''
FGREP='/opt/local/bin/ggrep -F'
FIXED_POINT_FALSE=''
FIXED_POINT_TRUE='#'
GREP='/opt/local/bin/ggrep'
HAVE_ARM_NE10='0'
HAVE_ARM_NE10_FALSE=''
HAVE_ARM_NE10_TRUE='#'
HAVE_ARM_NEON_INTR_FALSE='#'
HAVE_ARM_NEON_INTR_TRUE=''
HAVE_AVX_FALSE=''
HAVE_AVX_TRUE='#'
HAVE_DOT='no'
HAVE_DOXYGEN='no'
HAVE_DOXYGEN_FALSE=''
HAVE_DOXYGEN_TRUE='#'
HAVE_PERL=''
HAVE_SSE2_FALSE=''
HAVE_SSE2_TRUE='#'
HAVE_SSE4_1_FALSE=''
HAVE_SSE4_1_TRUE='#'
HAVE_SSE_FALSE=''
HAVE_SSE_TRUE='#'
INSTALL_DATA='${INSTALL} -m 644'
INSTALL_PROGRAM='${INSTALL}'
INSTALL_SCRIPT='${INSTALL}'
INSTALL_STRIP_PROGRAM='$(install_sh) -c -s'
LD='/Applications/Xcode.app/Contents/Developer/Toolchains/XcodeDefault.xctoolchain/usr/bin/ld'
LDFLAGS=''
LIBM=''
LIBOBJS=''
LIBS=''
LIBTOOL='$(SHELL) $(top_builddir)/libtool'
LIPO='lipo'
LN_S='ln -s'
LTLIBOBJS=''
LT_SYS_LIBRARY_PATH=''
MAINT=''
MAINTAINER_MODE_FALSE='#'
MAINTAINER_MODE_TRUE=''
MAKEINFO='${SHELL} '\''/Users/yousef/Projects/CELP/opus-master/missing'\'' makeinfo'
MANIFEST_TOOL=':'
MKDIR_P='/opt/local/bin/gmkdir -p'
NE10_CFLAGS=''
NE10_LIBS=''
NM='/usr/bin/nm -B'
NMEDIT='nmedit'
OBJDUMP='objdump'
OBJEXT='o'
OPUS_ARM_EXTERNAL_ASM_FALSE=''
OPUS_ARM_EXTERNAL_ASM_TRUE='#'
OPUS_ARM_INLINE_ASM_FALSE=''
OPUS_ARM_INLINE_ASM_TRUE='#'
OPUS_ARM_MAY_HAVE_EDSP=''
OPUS_ARM_MAY_HAVE_MEDIA=''
OPUS_ARM_MAY_HAVE_NEON=''
OPUS_ARM_NEON_INTR_CFLAGS=''
OPUS_HAVE_RTCD=''
OPUS_LT_AGE='8'
OPUS_LT_CURRENT='8'
OPUS_LT_REVISION='0'
OPUS_X86_AVX_CFLAGS=''
OPUS_X86_SSE2_CFLAGS=''
OPUS_X86_SSE4_1_CFLAGS=''
OPUS_X86_SSE_CFLAGS=''
OTOOL64=':'
OTOOL='otool'
PACKAGE='opus'
PACKAGE_BUGREPORT='opus@xiph.org'
PACKAGE_NAME='opus'
PACKAGE_STRING='opus unknown'
PACKAGE_TARNAME='opus'
PACKAGE_URL=''
PACKAGE_VERSION='unknown'
PATH_SEPARATOR=':'
PC_BUILD='floating-point'
RANLIB='ranlib'
SED='/opt/local/bin/gsed'
SET_MAKE=''
SHELL='/bin/sh'
STRIP='strip'
VERSION='unknown'
X86_AVX_CFLAGS='-mavx'
X86_SSE2_CFLAGS='-msse2'
X86_SSE4_1_CFLAGS='-msse4.1'
X86_SSE_CFLAGS='-msse'
ac_ct_AR='ar'
ac_ct_CC='gcc'
ac_ct_DUMPBIN=''
am__EXEEXT_FALSE=''
am__EXEEXT_TRUE='#'
am__fastdepCCAS_FALSE='#'
am__fastdepCCAS_TRUE=''
am__fastdepCC_FALSE='#'
am__fastdepCC_TRUE=''
am__include='include'
am__isrc=''
am__leading_dot='.'
am__nodep='_no'
am__quote=''
am__tar='$${TAR-tar} chof - "$$tardir"'
am__untar='$${TAR-tar} xf -'
bindir='${exec_prefix}/bin'
build='aarch64-apple-darwin21.2.0'
build_alias=''
build_cpu='aarch64'
build_os='darwin21.2.0'
build_vendor='apple'
datadir='${datarootdir}'
datarootdir='${prefix}/share'
docdir='${datarootdir}/doc/${PACKAGE_TARNAME}'
dvidir='${docdir}'
exec_prefix='${prefix}'
host='aarch64-apple-darwin21.2.0'
host_alias=''
host_cpu='aarch64'
host_os='darwin21.2.0'
host_vendor='apple'
htmldir='${docdir}'
includedir='${prefix}/include'
infodir='${datarootdir}/info'
install_sh='${SHELL} /Users/yousef/Projects/CELP/opus-master/install-sh'
libdir='${exec_prefix}/lib'
libexecdir='${exec_prefix}/libexec'
localedir='${datarootdir}/locale'
localstatedir='${prefix}/var'
mandir='${datarootdir}/man'
mkdir_p='$(MKDIR_P)'
oldincludedir='/usr/include'
pdfdir='${docdir}'
prefix='/usr/local'
program_transform_name='s,x,x,'
psdir='${docdir}'
runstatedir='${localstatedir}/run'
sbindir='${exec_prefix}/sbin'
sharedstatedir='${prefix}/com'
sysconfdir='${prefix}/etc'
target_alias=''

## ----------- ##
## confdefs.h. ##
## ----------- ##

/* confdefs.h */
#define PACKAGE_NAME "opus"
#define PACKAGE_TARNAME "opus"
#define PACKAGE_VERSION "unknown"
#define PACKAGE_STRING "opus unknown"
#define PACKAGE_BUGREPORT "opus@xiph.org"
#define PACKAGE_URL ""
#define HAVE_STDIO_H 1
#define HAVE_STDLIB_H 1
#define HAVE_STRING_H 1
#define HAVE_INTTYPES_H 1
#define HAVE_STDINT_H 1
#define HAVE_STRINGS_H 1
#define HAVE_SYS_STAT_H 1
#define HAVE_SYS_TYPES_H 1
#define HAVE_UNISTD_H 1
#define STDC_HEADERS 1
#define HAVE_DLFCN_H 1
#define LT_OBJDIR ".libs/"
#define OPUS_BUILD /**/
#define restrict __restrict
#define VAR_ARRAYS 1
#define OPUS_ARM_MAY_HAVE_NEON_INTR 1
#define OPUS_ARM_PRESUME_NEON_INTR 1
#define OPUS_ARM_PRESUME_AARCH64_NEON_INTR 1
#define ENABLE_HARDENING 1
#define HAVE_LRINTF 1
#define HAVE_LRINT 1

configure: exit 0
